11,12
6,1,43189038
6,2,28004340
6,8,-1659751
6,5,-5255521
6,6,22281063
6,3,-70515919
6,7,71250212
6,10,29209901
6,11,-57970843
6,0,142808222
6,9,75078358
6,4,50182651
3,1,8898153
3,2,-9271441
3,8,-1676284
3,5,-1628153
3,6,-4834179
3,3,-455676
3,7,-10872218
3,10,-5975759
3,11,14867962
3,0,1573470
3,9,-19526545
3,4,3934172
10,1,37117341
10,2,4908626
10,8,-1325348
10,5,21907545
10,6,-15676358
10,3,34865099
10,7,-16508360
10,10,-8313047
10,11,2691927
10,0,8740476
10,9,1890025
10,4,49906355
4,1,14688944
4,2,-20650314
4,8,5044223
4,5,1010905
4,6,-39799090
4,3,64870994
4,7,-54913682
4,10,-27299067
4,11,62800710
4,0,-25406709
4,9,-70804581
4,4,32241306
9,1,35740559
9,2,-9251971
9,8,-18896384
9,5,-10153804
9,6,20786875
9,3,-19629512
9,7,16832672
9,10,14117750
9,11,-18866057
9,0,61549356
9,9,-906408
9,4,31713136
7,1,5919428
7,2,2403902
7,8,-5310805
7,5,-6055563
7,6,12046591
7,3,-51510913
7,7,34508787
7,10,14099062
7,11,-17087453
7,0,40460689
7,9,25019232
7,4,-2035739
1,1,-12434635
1,2,-1482546
1,8,4767673
1,5,1404894
1,6,-6659170
1,3,23484481
1,7,-20195259
1,10,-12796994
1,11,11606304
1,0,-26546023
1,9,-16645545
1,4,-7565574
8,1,4821912
8,2,3913909
8,8,-3417765
8,5,-12710867
8,6,18452123
8,3,-1604001
8,7,9377582
8,10,5950822
8,11,-21455768
8,0,41079684
8,9,4860176
8,4,9149864
2,1,4914175
2,2,16883688
2,8,12975030
2,5,-3298826
2,6,-2926247
2,3,-9105148
2,7,14036171
2,10,1869787
2,11,-9835633
2,0,46485798
2,9,21817347
2,4,13815158
0,1,-24381953
0,2,-3823375
0,8,7169371
0,5,2666759
0,6,-5996220
0,3,24511487
0,7,-26224042
0,10,-11297214
0,11,16215459
0,0,-58197045
0,9,-19205797
0,4,-30911340
5,1,-7765905
5,2,-15541450
5,8,-2705628
5,5,-5339984
5,6,-2200556
5,3,-27152945
5,7,-2537264
5,10,-551093
5,11,20790400
5,0,-22203421
5,9,-18955461
5,4,-27720424
