10,10
2,2,12
2,7,4
2,4,10
2,5,22
2,3,24
2,1,3
2,6,-19
2,0,3
2,9,20
2,8,-3
0,2,-6
0,7,-19
0,4,-46
0,5,2
0,3,-23
0,1,57
0,6,34
0,0,-14
0,9,-44
0,8,-23
4,2,12
4,7,-10
4,4,-21
4,5,-25
4,3,-30
4,1,-2
4,6,30
4,0,43
4,9,31
4,8,-5
3,2,52
3,7,40
3,4,26
3,5,-41
3,3,-7
3,1,-28
3,6,-18
3,0,-8
3,9,-35
3,8,40
8,2,50
8,7,16
8,4,-1
8,5,-4
8,3,-3
8,1,9
8,6,-12
8,0,12
8,9,23
8,8,-53
1,2,-16
1,7,-5
1,4,-28
1,5,-50
1,3,-20
1,1,5
1,6,-2
1,0,-22
1,9,-35
1,8,-32
5,2,-13
5,7,-24
5,4,20
5,5,-23
5,3,50
5,1,-14
5,6,16
5,0,26
5,9,29
5,8,-13
6,2,-22
6,7,1
6,4,-23
6,5,-9
6,3,-14
6,1,25
6,6,39
6,0,16
6,9,-32
6,8,6
9,2,37
9,7,-42
9,4,-7
9,5,3
9,3,-26
9,1,-41
9,6,21
9,0,9
9,9,27
9,8,20
7,2,10
7,7,-6
7,4,9
7,5,-25
7,3,32
7,1,-1
7,6,33
7,0,52
7,9,18
7,8,25
