14,12
9,2,4
9,9,4
9,4,2
9,11,-6
9,7,8
9,0,-3
9,5,4
9,10,3
9,6,-3
9,1,4
9,3,1
3,2,3
3,9,-1
3,8,1
3,11,3
3,7,3
3,0,2
3,5,8
3,10,-3
3,6,3
3,1,-1
3,3,-4
7,2,-7
7,9,-2
7,8,2
7,4,7
7,11,-8
7,7,2
7,0,-8
7,5,-7
7,10,-3
7,6,-3
7,3,-6
2,2,2
2,9,2
2,8,3
2,4,3
2,11,-1
2,7,-6
2,0,-1
2,5,-2
2,10,-2
2,6,-2
2,1,3
2,3,-2
0,9,-2
0,8,1
0,4,3
0,11,-2
0,7,-3
0,0,10
0,10,-6
0,6,-8
0,1,5
0,3,-3
4,2,-1
4,9,-8
4,8,9
4,4,4
4,11,-3
4,7,2
4,0,-2
4,5,2
4,10,-8
4,6,2
4,1,-7
4,3,1
11,2,5
11,9,2
11,8,1
11,4,1
11,11,2
11,7,-7
11,0,2
11,5,8
11,10,-2
11,6,-5
11,1,4
11,3,1
8,2,-2
8,9,3
8,4,1
8,7,5
8,0,-2
8,5,7
8,10,5
8,6,7
8,1,-5
8,3,-2
1,2,5
1,8,-4
1,11,-1
1,7,3
1,0,5
1,5,2
1,10,3
1,1,4
1,3,5
10,2,-5
10,9,2
10,8,-3
10,4,4
10,11,10
10,7,-4
10,0,2
10,10,-6
10,6,-5
10,1,-1
10,3,-2
5,2,-4
5,9,-2
5,8,5
5,4,-4
5,11,3
5,7,3
5,0,3
5,10,5
5,6,-5
5,3,4
12,2,-1
12,8,1
12,4,-8
12,7,-1
12,0,-3
12,5,3
12,6,8
12,1,-7
12,3,-2
6,9,-1
6,8,-2
6,11,-3
6,7,-1
6,5,1
6,6,4
6,1,-5
6,3,5
13,2,-5
13,9,-1
13,8,-10
13,4,5
13,7,-6
13,0,-1
13,5,-5
13,10,5
13,3,5
