10,12
4,5,-4
4,8,4
4,2,4
4,4,4
4,1,4
4,3,-3
4,9,1
4,7,-1
4,0,1
4,10,5
5,5,2
5,11,-1
5,8,-3
5,2,3
5,6,-4
5,4,-2
5,1,-5
5,3,3
5,9,-2
5,7,-5
5,0,1
5,10,1
7,5,-5
7,11,3
7,2,4
7,6,-4
7,1,5
7,3,2
7,10,2
0,11,3
0,8,2
0,2,-2
0,6,-5
0,1,2
0,3,-1
0,9,-3
0,0,-2
0,10,3
3,11,1
3,8,4
3,2,-3
3,6,-5
3,4,-1
3,1,-1
3,3,2
3,9,-4
3,0,-5
3,10,-2
6,5,5
6,11,-5
6,2,-4
6,6,-1
6,3,-2
6,9,5
6,7,4
2,11,-5
2,8,1
2,2,5
2,4,2
2,1,2
2,3,-2
2,9,4
2,7,1
2,0,1
2,10,2
9,5,1
9,11,2
9,8,-5
9,6,-1
9,4,1
9,3,4
9,9,-3
9,0,-3
9,10,-5
8,5,-1
8,8,4
8,2,-4
8,6,-5
8,4,2
8,1,-5
8,3,-2
8,7,-2
8,10,3
1,2,4
1,6,5
1,4,1
1,1,-4
1,3,2
1,9,-1
1,10,-5
